This is pdfTeX, Version 3.1415926-2.3-1.40.12 (MiKTeX 2.9) (preloaded format=pdflatex 2013.9.20)  3 DEC 2014 12:16
entering extended mode
**C:/Users/Mengke/Dropbox/Duke*COMPSCI*571*-*Probabilistic*Machine*Learning/Pro
ject/deepNetwork/presentation/project_poster.tex

("C:/Users/Mengke/Dropbox/Duke COMPSCI 571 - Probabilistic Machine Learning/Pro
ject/deepNetwork/presentation/project_poster.tex"
LaTeX2e <2011/06/27>
Babel <v3.8m> and hyphenation patterns for loaded.

("C:\Users\Mengke\Dropbox\Duke COMPSCI 571 - Probabilistic Machine Learning\Pro
ject\deepNetwork\presentation\baposter.cls"
Document Class: baposter 2011/11/26 v2.0 baposter class
("C:\Program Files\CTEX\MiKTeX\tex\latex\base\article.cls"
Document Class: article 2007/10/19 v1.4h Standard LaTeX document class
("C:\Program Files\CTEX\MiKTeX\tex\latex\base\size10.clo"
File: size10.clo 2007/10/19 v1.4h Standard LaTeX file (size option)
)
\c@part=\count79
\c@section=\count80
\c@subsection=\count81
\c@subsubsection=\count82
\c@paragraph=\count83
\c@subparagraph=\count84
\c@figure=\count85
\c@table=\count86
\abovecaptionskip=\skip41
\belowcaptionskip=\skip42
\bibindent=\dimen102
)
baposter: Brian Amberg, 2007, 2008, 2009, 2010, 2011 | http://www.brian-amberg.
de/uni/poster/
baposter: Reinhold Kainhofer, 2011 | http://reinhold.kainhofer.com/
\baposter@basepaperwidth=\skip43
\baposter@basepaperheight=\skip44
\baposter@basemargin=\skip45
\baposter@finalpaperwidth=\skip46
\baposter@finalpaperheight=\skip47
\baposter@finalmargin=\skip48
\headerheight=\skip49
\colwidth=\skip50
\colheight=\skip51
\baposter@@colspacing=\skip52
\baposter@box@@cornerradius=\skip53
\baposter@box@@boxheaderheight=\skip54
\baposter@box@@boxpadding=\skip55
\boxstartx=\skip56
\boxstarty=\skip57
\boxwidth=\skip58
\boxheight=\skip59
\baposter@titleimage@left@width=\skip60
\baposter@titleimage@right@width=\skip61
\baposter@titleimage@textwidth=\skip62
\baposter@box@content=\box26
\baposter@titleimage@left=\box27
\baposter@titleimage@title=\box28
\baposter@titleimage@right=\box29
Use Packages
("C:\Program Files\CTEX\MiKTeX\tex\latex\xkeyval\xkeyval.sty"
Package: xkeyval 2008/08/13 v2.6a package option processing (HA)

("C:\Program Files\CTEX\MiKTeX\tex\generic\xkeyval\xkeyval.tex"
\XKV@toks=\toks14
\XKV@tempa@toks=\toks15
\XKV@depth=\count87
File: xkeyval.tex 2008/08/13 v2.6a key=value parser (HA)

("C:\Program Files\CTEX\MiKTeX\tex\generic\xkeyval\keyval.tex")))
("C:\Program Files\CTEX\MiKTeX\tex\latex\tools\calc.sty"
Package: calc 2007/08/22 v4.3 Infix arithmetic (KKT,FJ)
\calc@Acount=\count88
\calc@Bcount=\count89
\calc@Adimen=\dimen103
\calc@Bdimen=\dimen104
\calc@Askip=\skip63
\calc@Bskip=\skip64
LaTeX Info: Redefining \setlength on input line 76.
LaTeX Info: Redefining \addtolength on input line 77.
\calc@Ccount=\count90
\calc@Cskip=\skip65
)
("C:\Program Files\CTEX\MiKTeX\tex\latex\xcolor\xcolor.sty"
Package: xcolor 2007/01/21 v2.11 LaTeX color extensions (UK)

("C:\Program Files\CTEX\MiKTeX\tex\latex\00miktex\color.cfg"
File: color.cfg 2007/01/18 v1.5 color configuration of teTeX/TeXLive
)
Package xcolor Info: Driver file: pdftex.def on input line 225.

("C:\Program Files\CTEX\MiKTeX\tex\latex\pdftex-def\pdftex.def"
File: pdftex.def 2011/05/27 v0.06d Graphics/color for pdfTeX

("C:\Program Files\CTEX\MiKTeX\tex\generic\oberdiek\infwarerr.sty"
Package: infwarerr 2010/04/08 v1.3 Providing info/warning/message (HO)
)
("C:\Program Files\CTEX\MiKTeX\tex\generic\oberdiek\ltxcmds.sty"
Package: ltxcmds 2011/04/18 v1.20 LaTeX kernel commands for general use (HO)
)
\Gread@gobject=\count91
)
Package xcolor Info: Model `cmy' substituted by `cmy0' on input line 1337.
Package xcolor Info: Model `hsb' substituted by `rgb' on input line 1341.
Package xcolor Info: Model `RGB' extended on input line 1353.
Package xcolor Info: Model `HTML' substituted by `rgb' on input line 1355.
Package xcolor Info: Model `Hsb' substituted by `hsb' on input line 1356.
Package xcolor Info: Model `tHsb' substituted by `hsb' on input line 1357.
Package xcolor Info: Model `HSB' substituted by `hsb' on input line 1358.
Package xcolor Info: Model `Gray' substituted by `gray' on input line 1359.
Package xcolor Info: Model `wave' substituted by `hsb' on input line 1360.
)
("C:\Program Files\CTEX\MiKTeX\tex\latex\pgf\frontendlayer\tikz.sty"
("C:\Program Files\CTEX\MiKTeX\tex\latex\pgf\basiclayer\pgf.sty"
("C:\Program Files\CTEX\MiKTeX\tex\latex\pgf\utilities\pgfrcs.sty"
("C:\Program Files\CTEX\MiKTeX\tex\generic\pgf\utilities\pgfutil-common.tex"
\pgfutil@everybye=\toks16
)
("C:\Program Files\CTEX\MiKTeX\tex\generic\pgf\utilities\pgfutil-latex.def"
\pgfutil@abb=\box30

("C:\Program Files\CTEX\MiKTeX\tex\latex\ms\everyshi.sty"
Package: everyshi 2001/05/15 v3.00 EveryShipout Package (MS)
))
("C:\Program Files\CTEX\MiKTeX\tex\generic\pgf\utilities\pgfrcs.code.tex"
Package: pgfrcs 2010/10/25 v2.10 (rcs-revision 1.24)
))
Package: pgf 2008/01/15 v2.10 (rcs-revision 1.12)

("C:\Program Files\CTEX\MiKTeX\tex\latex\pgf\basiclayer\pgfcore.sty"
("C:\Program Files\CTEX\MiKTeX\tex\latex\graphics\graphicx.sty"
Package: graphicx 1999/02/16 v1.0f Enhanced LaTeX Graphics (DPC,SPQR)

("C:\Program Files\CTEX\MiKTeX\tex\latex\graphics\graphics.sty"
Package: graphics 2009/02/05 v1.0o Standard LaTeX Graphics (DPC,SPQR)

("C:\Program Files\CTEX\MiKTeX\tex\latex\graphics\trig.sty"
Package: trig 1999/03/16 v1.09 sin cos tan (DPC)
)
("C:\Program Files\CTEX\MiKTeX\tex\latex\00miktex\graphics.cfg"
File: graphics.cfg 2007/01/18 v1.5 graphics configuration of teTeX/TeXLive
)
Package graphics Info: Driver file: pdftex.def on input line 91.
)
\Gin@req@height=\dimen105
\Gin@req@width=\dimen106
)
("C:\Program Files\CTEX\MiKTeX\tex\latex\pgf\systemlayer\pgfsys.sty"
("C:\Program Files\CTEX\MiKTeX\tex\generic\pgf\systemlayer\pgfsys.code.tex"
Package: pgfsys 2010/06/30 v2.10 (rcs-revision 1.37)

("C:\Program Files\CTEX\MiKTeX\tex\generic\pgf\utilities\pgfkeys.code.tex"
\pgfkeys@pathtoks=\toks17
\pgfkeys@temptoks=\toks18

("C:\Program Files\CTEX\MiKTeX\tex\generic\pgf\utilities\pgfkeysfiltered.code.t
ex"
\pgfkeys@tmptoks=\toks19
))
\pgf@x=\dimen107
\pgf@y=\dimen108
\pgf@xa=\dimen109
\pgf@ya=\dimen110
\pgf@xb=\dimen111
\pgf@yb=\dimen112
\pgf@xc=\dimen113
\pgf@yc=\dimen114
\w@pgf@writea=\write3
\r@pgf@reada=\read1
\c@pgf@counta=\count92
\c@pgf@countb=\count93
\c@pgf@countc=\count94
\c@pgf@countd=\count95
 ("C:\Program Files\CTEX\MiKTeX\tex\generic\pgf\systemlayer\pgf.cfg"
File: pgf.cfg 2008/05/14  (rcs-revision 1.7)
)
Package pgfsys Info: Driver file for pgf: pgfsys-pdftex.def on input line 900.

("C:\Program Files\CTEX\MiKTeX\tex\generic\pgf\systemlayer\pgfsys-pdftex.def"
File: pgfsys-pdftex.def 2009/05/22  (rcs-revision 1.26)

("C:\Program Files\CTEX\MiKTeX\tex\generic\pgf\systemlayer\pgfsys-common-pdf.de
f"
File: pgfsys-common-pdf.def 2008/05/19  (rcs-revision 1.10)
)))
("C:\Program Files\CTEX\MiKTeX\tex\generic\pgf\systemlayer\pgfsyssoftpath.code.
tex"
File: pgfsyssoftpath.code.tex 2008/07/18  (rcs-revision 1.7)
\pgfsyssoftpath@smallbuffer@items=\count96
\pgfsyssoftpath@bigbuffer@items=\count97
)
("C:\Program Files\CTEX\MiKTeX\tex\generic\pgf\systemlayer\pgfsysprotocol.code.
tex"
File: pgfsysprotocol.code.tex 2006/10/16  (rcs-revision 1.4)
))
("C:\Program Files\CTEX\MiKTeX\tex\generic\pgf\basiclayer\pgfcore.code.tex"
Package: pgfcore 2010/04/11 v2.10 (rcs-revision 1.7)

("C:\Program Files\CTEX\MiKTeX\tex\generic\pgf\math\pgfmath.code.tex"
("C:\Program Files\CTEX\MiKTeX\tex\generic\pgf\math\pgfmathcalc.code.tex"
("C:\Program Files\CTEX\MiKTeX\tex\generic\pgf\math\pgfmathutil.code.tex")
("C:\Program Files\CTEX\MiKTeX\tex\generic\pgf\math\pgfmathparser.code.tex"
\pgfmath@dimen=\dimen115
\pgfmath@count=\count98
\pgfmath@box=\box31
\pgfmath@toks=\toks20
\pgfmath@stack@operand=\toks21
\pgfmath@stack@operation=\toks22
)
("C:\Program Files\CTEX\MiKTeX\tex\generic\pgf\math\pgfmathfunctions.code.tex"
("C:\Program Files\CTEX\MiKTeX\tex\generic\pgf\math\pgfmathfunctions.basic.code
.tex")
("C:\Program Files\CTEX\MiKTeX\tex\generic\pgf\math\pgfmathfunctions.trigonomet
ric.code.tex")
("C:\Program Files\CTEX\MiKTeX\tex\generic\pgf\math\pgfmathfunctions.random.cod
e.tex")
("C:\Program Files\CTEX\MiKTeX\tex\generic\pgf\math\pgfmathfunctions.comparison
.code.tex")
("C:\Program Files\CTEX\MiKTeX\tex\generic\pgf\math\pgfmathfunctions.base.code.
tex")
("C:\Program Files\CTEX\MiKTeX\tex\generic\pgf\math\pgfmathfunctions.round.code
.tex")
("C:\Program Files\CTEX\MiKTeX\tex\generic\pgf\math\pgfmathfunctions.misc.code.
tex")))
("C:\Program Files\CTEX\MiKTeX\tex\generic\pgf\math\pgfmathfloat.code.tex"
\c@pgfmathroundto@lastzeros=\count99
))
("C:\Program Files\CTEX\MiKTeX\tex\generic\pgf\basiclayer\pgfcorepoints.code.te
x"
File: pgfcorepoints.code.tex 2010/04/09  (rcs-revision 1.20)
\pgf@picminx=\dimen116
\pgf@picmaxx=\dimen117
\pgf@picminy=\dimen118
\pgf@picmaxy=\dimen119
\pgf@pathminx=\dimen120
\pgf@pathmaxx=\dimen121
\pgf@pathminy=\dimen122
\pgf@pathmaxy=\dimen123
\pgf@xx=\dimen124
\pgf@xy=\dimen125
\pgf@yx=\dimen126
\pgf@yy=\dimen127
\pgf@zx=\dimen128
\pgf@zy=\dimen129
)
("C:\Program Files\CTEX\MiKTeX\tex\generic\pgf\basiclayer\pgfcorepathconstruct.
code.tex"
File: pgfcorepathconstruct.code.tex 2010/08/03  (rcs-revision 1.24)
\pgf@path@lastx=\dimen130
\pgf@path@lasty=\dimen131
)
("C:\Program Files\CTEX\MiKTeX\tex\generic\pgf\basiclayer\pgfcorepathusage.code
.tex"
File: pgfcorepathusage.code.tex 2008/04/22  (rcs-revision 1.12)
\pgf@shorten@end@additional=\dimen132
\pgf@shorten@start@additional=\dimen133
)
("C:\Program Files\CTEX\MiKTeX\tex\generic\pgf\basiclayer\pgfcorescopes.code.te
x"
File: pgfcorescopes.code.tex 2010/09/08  (rcs-revision 1.34)
\pgfpic=\box32
\pgf@hbox=\box33
\pgf@layerbox@main=\box34
\pgf@picture@serial@count=\count100
)
("C:\Program Files\CTEX\MiKTeX\tex\generic\pgf\basiclayer\pgfcoregraphicstate.c
ode.tex"
File: pgfcoregraphicstate.code.tex 2008/04/22  (rcs-revision 1.9)
\pgflinewidth=\dimen134
)
("C:\Program Files\CTEX\MiKTeX\tex\generic\pgf\basiclayer\pgfcoretransformation
s.code.tex"
File: pgfcoretransformations.code.tex 2009/06/10  (rcs-revision 1.11)
\pgf@pt@x=\dimen135
\pgf@pt@y=\dimen136
\pgf@pt@temp=\dimen137
)
("C:\Program Files\CTEX\MiKTeX\tex\generic\pgf\basiclayer\pgfcorequick.code.tex
"
File: pgfcorequick.code.tex 2008/10/09  (rcs-revision 1.3)
)
("C:\Program Files\CTEX\MiKTeX\tex\generic\pgf\basiclayer\pgfcoreobjects.code.t
ex"
File: pgfcoreobjects.code.tex 2006/10/11  (rcs-revision 1.2)
)
("C:\Program Files\CTEX\MiKTeX\tex\generic\pgf\basiclayer\pgfcorepathprocessing
.code.tex"
File: pgfcorepathprocessing.code.tex 2008/10/09  (rcs-revision 1.8)
)
("C:\Program Files\CTEX\MiKTeX\tex\generic\pgf\basiclayer\pgfcorearrows.code.te
x"
File: pgfcorearrows.code.tex 2008/04/23  (rcs-revision 1.11)
)
("C:\Program Files\CTEX\MiKTeX\tex\generic\pgf\basiclayer\pgfcoreshade.code.tex
"
File: pgfcoreshade.code.tex 2008/11/23  (rcs-revision 1.13)
\pgf@max=\dimen138
\pgf@sys@shading@range@num=\count101
)
("C:\Program Files\CTEX\MiKTeX\tex\generic\pgf\basiclayer\pgfcoreimage.code.tex
"
File: pgfcoreimage.code.tex 2010/03/25  (rcs-revision 1.16)

("C:\Program Files\CTEX\MiKTeX\tex\generic\pgf\basiclayer\pgfcoreexternal.code.
tex"
File: pgfcoreexternal.code.tex 2010/09/01  (rcs-revision 1.17)
\pgfexternal@startupbox=\box35
))
("C:\Program Files\CTEX\MiKTeX\tex\generic\pgf\basiclayer\pgfcorelayers.code.te
x"
File: pgfcorelayers.code.tex 2010/08/27  (rcs-revision 1.2)
)
("C:\Program Files\CTEX\MiKTeX\tex\generic\pgf\basiclayer\pgfcoretransparency.c
ode.tex"
File: pgfcoretransparency.code.tex 2008/01/17  (rcs-revision 1.2)
)
("C:\Program Files\CTEX\MiKTeX\tex\generic\pgf\basiclayer\pgfcorepatterns.code.
tex"
File: pgfcorepatterns.code.tex 2009/07/02  (rcs-revision 1.3)
)))
("C:\Program Files\CTEX\MiKTeX\tex\generic\pgf\modules\pgfmoduleshapes.code.tex
"
File: pgfmoduleshapes.code.tex 2010/09/09  (rcs-revision 1.13)
\pgfnodeparttextbox=\box36
) ("C:\Program Files\CTEX\MiKTeX\tex\generic\pgf\modules\pgfmoduleplot.code.tex
"
File: pgfmoduleplot.code.tex 2010/10/22  (rcs-revision 1.8)
)
("C:\Program Files\CTEX\MiKTeX\tex\latex\pgf\compatibility\pgfcomp-version-0-65
.sty"
Package: pgfcomp-version-0-65 2007/07/03 v2.10 (rcs-revision 1.7)
\pgf@nodesepstart=\dimen139
\pgf@nodesepend=\dimen140
)
("C:\Program Files\CTEX\MiKTeX\tex\latex\pgf\compatibility\pgfcomp-version-1-18
.sty"
Package: pgfcomp-version-1-18 2007/07/23 v2.10 (rcs-revision 1.1)
)) ("C:\Program Files\CTEX\MiKTeX\tex\latex\pgf\utilities\pgffor.sty"
("C:\Program Files\CTEX\MiKTeX\tex\latex\pgf\utilities\pgfkeys.sty"
("C:\Program Files\CTEX\MiKTeX\tex\generic\pgf\utilities\pgfkeys.code.tex"))
("C:\Program Files\CTEX\MiKTeX\tex\generic\pgf\utilities\pgffor.code.tex"
Package: pgffor 2010/03/23 v2.10 (rcs-revision 1.18)
\pgffor@iter=\dimen141
\pgffor@skip=\dimen142
\pgffor@stack=\toks23
\pgffor@toks=\toks24
))
("C:\Program Files\CTEX\MiKTeX\tex\generic\pgf\frontendlayer\tikz\tikz.code.tex
"
Package: tikz 2010/10/13 v2.10 (rcs-revision 1.76)

("C:\Program Files\CTEX\MiKTeX\tex\generic\pgf\libraries\pgflibraryplothandlers
.code.tex"
File: pgflibraryplothandlers.code.tex 2010/05/31 v2.10 (rcs-revision 1.15)
\pgf@plot@mark@count=\count102
\pgfplotmarksize=\dimen143
)
\tikz@lastx=\dimen144
\tikz@lasty=\dimen145
\tikz@lastxsaved=\dimen146
\tikz@lastysaved=\dimen147
\tikzleveldistance=\dimen148
\tikzsiblingdistance=\dimen149
\tikz@figbox=\box37
\tikz@tempbox=\box38
\tikztreelevel=\count103
\tikznumberofchildren=\count104
\tikznumberofcurrentchild=\count105
\tikz@fig@count=\count106

("C:\Program Files\CTEX\MiKTeX\tex\generic\pgf\modules\pgfmodulematrix.code.tex
"
File: pgfmodulematrix.code.tex 2010/08/24  (rcs-revision 1.4)
\pgfmatrixcurrentrow=\count107
\pgfmatrixcurrentcolumn=\count108
\pgf@matrix@numberofcolumns=\count109
)
\tikz@expandcount=\count110

("C:\Program Files\CTEX\MiKTeX\tex\generic\pgf\frontendlayer\tikz\libraries\tik
zlibrarytopaths.code.tex"
File: tikzlibrarytopaths.code.tex 2008/06/17 v2.10 (rcs-revision 1.2)
)))
("C:\Program Files\CTEX\MiKTeX\tex\latex\base\ifthen.sty"
Package: ifthen 2001/05/26 v1.1c Standard LaTeX ifthen package (DPC)
)
("C:\Program Files\CTEX\MiKTeX\tex\latex\base\fontenc.sty"
Package: fontenc 2005/09/27 v1.99g Standard LaTeX package

("C:\Program Files\CTEX\MiKTeX\tex\latex\base\t1enc.def"
File: t1enc.def 2005/09/27 v1.99g Standard LaTeX file
LaTeX Font Info:    Redeclaring font encoding T1 on input line 43.
))
("C:\Program Files\CTEX\MiKTeX\tex\generic\pgf\frontendlayer\tikz\libraries\tik
zlibrarydecorations.code.tex"
("C:\Program Files\CTEX\MiKTeX\tex\generic\pgf\modules\pgfmoduledecorations.cod
e.tex"
\pgfdecoratedcompleteddistance=\dimen150
\pgfdecoratedremainingdistance=\dimen151
\pgfdecoratedinputsegmentcompleteddistance=\dimen152
\pgfdecoratedinputsegmentremainingdistance=\dimen153
\pgf@decorate@distancetomove=\dimen154
\pgf@decorate@repeatstate=\count111
\pgfdecorationsegmentamplitude=\dimen155
\pgfdecorationsegmentlength=\dimen156
)
\tikz@lib@dec@box=\box39
)
("C:\Program Files\CTEX\MiKTeX\tex\generic\pgf\frontendlayer\tikz\libraries\tik
zlibraryfadings.code.tex"
File: tikzlibraryfadings.code.tex 2009/11/15 v2.10 (rcs-revision 1.2)

("C:\Program Files\CTEX\MiKTeX\tex\generic\pgf\libraries\pgflibraryfadings.code
.tex"
File: pgflibraryfadings.code.tex 2008/02/07 v2.10 (rcs-revision 1.3)
))
("C:\Program Files\CTEX\MiKTeX\tex\generic\pgf\frontendlayer\tikz\libraries\tik
zlibrarysnakes.code.tex"
File: tikzlibrarysnakes.code.tex 2008/02/05 v2.10 (rcs-revision 1.6)


Package tikz Warning: Snakes have been superseded by decorations. Please use th
e decoration libraries instead of the snakes library on input line 14.


("C:\Program Files\CTEX\MiKTeX\tex\generic\pgf\frontendlayer\tikz\libraries\tik
zlibrarydecorations.pathmorphing.code.tex"
("C:\Program Files\CTEX\MiKTeX\tex\generic\pgf\libraries\decorations\pgflibrary
decorations.pathmorphing.code.tex"))
("C:\Program Files\CTEX\MiKTeX\tex\generic\pgf\frontendlayer\tikz\libraries\tik
zlibrarydecorations.pathreplacing.code.tex"
("C:\Program Files\CTEX\MiKTeX\tex\generic\pgf\libraries\decorations\pgflibrary
decorations.pathreplacing.code.tex"))
("C:\Program Files\CTEX\MiKTeX\tex\generic\pgf\frontendlayer\tikz\libraries\tik
zlibrarydecorations.shapes.code.tex"
("C:\Program Files\CTEX\MiKTeX\tex\generic\pgf\libraries\decorations\pgflibrary
decorations.shapes.code.tex")))
("C:\Program Files\CTEX\MiKTeX\tex\generic\pgf\frontendlayer\tikz\libraries\tik
zlibrarycalc.code.tex"
File: tikzlibrarycalc.code.tex 2009/09/04 v2.10 (rcs-revision 1.6)
)
\baposter@movebody=\skip66
\baposter@basemarginright=\skip67
\baposter@basemarginleft=\skip68

Paperwidth=2392.87677pt
Paperheight=3383.03267pt
BasePaperwidth=681.97864pt
BasePaperheight=964.1767pt
("C:\Program Files\CTEX\MiKTeX\tex\latex\geometry\geometry.sty"
Package: geometry 2010/09/12 v5.6 Page Geometry

("C:\Program Files\CTEX\MiKTeX\tex\generic\oberdiek\ifpdf.sty"
Package: ifpdf 2011/01/30 v2.3 Provides the ifpdf switch (HO)
Package ifpdf Info: pdfTeX in PDF mode is detected.
)
("C:\Program Files\CTEX\MiKTeX\tex\generic\oberdiek\ifvtex.sty"
Package: ifvtex 2010/03/01 v1.5 Switches for detecting VTeX and its modes (HO)
Package ifvtex Info: VTeX not detected.
)
("C:\Program Files\CTEX\MiKTeX\tex\generic\ifxetex\ifxetex.sty"
Package: ifxetex 2010/09/12 v0.6 Provides ifxetex conditional
)
\Gm@cnth=\count112
\Gm@cntv=\count113
\c@Gm@tempcnt=\count114
\Gm@bindingoffset=\dimen157
\Gm@wd@mp=\dimen158
\Gm@odd@mp=\dimen159
\Gm@even@mp=\dimen160
\Gm@layoutwidth=\dimen161
\Gm@layoutheight=\dimen162
\Gm@layouthoffset=\dimen163
\Gm@layoutvoffset=\dimen164
\Gm@dimlist=\toks25

("C:\Program Files\CTEX\MiKTeX\tex\latex\geometry\geometry.cfg"))
("C:\Program Files\CTEX\MiKTeX\tex\latex\pgf\utilities\pgfpages.sty"
Package: pgfpages 2004/11/05 ver 0.01
\pgf@logicalpages=\count115
\pgf@firstshipout=\count116
\pgf@lastshipout=\count117
\pgf@currentshipout=\count118
\pgf@cpn=\count119
\pgf@shipoutnextto=\count120
\pgfphysicalheight=\dimen165
\pgfphysicalwidth=\dimen166
\pgfpages@shipoutbox=\box40
)
\pgfpages@box@1=\box41
)
("C:\Program Files\CTEX\MiKTeX\tex\latex\ams\math\amsmath.sty"
Package: amsmath 2000/07/18 v2.13 AMS math features
\@mathmargin=\skip69

For additional information on amsmath, use the `?' option.
("C:\Program Files\CTEX\MiKTeX\tex\latex\ams\math\amstext.sty"
Package: amstext 2000/06/29 v2.01

("C:\Program Files\CTEX\MiKTeX\tex\latex\ams\math\amsgen.sty"
File: amsgen.sty 1999/11/30 v2.0
\@emptytoks=\toks26
\ex@=\dimen167
))
("C:\Program Files\CTEX\MiKTeX\tex\latex\ams\math\amsbsy.sty"
Package: amsbsy 1999/11/29 v1.2d
\pmbraise@=\dimen168
)
("C:\Program Files\CTEX\MiKTeX\tex\latex\ams\math\amsopn.sty"
Package: amsopn 1999/12/14 v2.01 operator names
)
\inf@bad=\count121
LaTeX Info: Redefining \frac on input line 211.
\uproot@=\count122
\leftroot@=\count123
LaTeX Info: Redefining \overline on input line 307.
\classnum@=\count124
\DOTSCASE@=\count125
LaTeX Info: Redefining \ldots on input line 379.
LaTeX Info: Redefining \dots on input line 382.
LaTeX Info: Redefining \cdots on input line 467.
\Mathstrutbox@=\box42
\strutbox@=\box43
\big@size=\dimen169
LaTeX Font Info:    Redeclaring font encoding OML on input line 567.
LaTeX Font Info:    Redeclaring font encoding OMS on input line 568.
\macc@depth=\count126
\c@MaxMatrixCols=\count127
\dotsspace@=\muskip10
\c@parentequation=\count128
\dspbrk@lvl=\count129
\tag@help=\toks27
\row@=\count130
\column@=\count131
\maxfields@=\count132
\andhelp@=\toks28
\eqnshift@=\dimen170
\alignsep@=\dimen171
\tagshift@=\dimen172
\tagwidth@=\dimen173
\totwidth@=\dimen174
\lineht@=\dimen175
\@envbody=\toks29
\multlinegap=\skip70
\multlinetaggap=\skip71
\mathdisplay@stack=\toks30
LaTeX Info: Redefining \[ on input line 2666.
LaTeX Info: Redefining \] on input line 2667.
)
("C:\Program Files\CTEX\MiKTeX\tex\latex\amsfonts\amssymb.sty"
Package: amssymb 2009/06/22 v3.00

("C:\Program Files\CTEX\MiKTeX\tex\latex\amsfonts\amsfonts.sty"
Package: amsfonts 2009/06/22 v3.00 Basic AMSFonts support
\symAMSa=\mathgroup4
\symAMSb=\mathgroup5
LaTeX Font Info:    Overwriting math alphabet `\mathfrak' in version `bold'
(Font)                  U/euf/m/n --> U/euf/b/n on input line 96.
))
("C:\Program Files\CTEX\MiKTeX\tex\latex\booktabs\booktabs.sty"
Package: booktabs 2005/04/14 v1.61803 publication quality tables
\heavyrulewidth=\dimen176
\lightrulewidth=\dimen177
\cmidrulewidth=\dimen178
\belowrulesep=\dimen179
\belowbottomsep=\dimen180
\aboverulesep=\dimen181
\abovetopsep=\dimen182
\cmidrulesep=\dimen183
\cmidrulekern=\dimen184
\defaultaddspace=\dimen185
\@cmidla=\count133
\@cmidlb=\count134
\@aboverulesep=\dimen186
\@belowrulesep=\dimen187
\@thisruleclass=\count135
\@lastruleclass=\count136
\@thisrulewidth=\dimen188
)
("C:\Program Files\CTEX\MiKTeX\tex\latex\enumitem\enumitem.sty"
Package: enumitem 2011/09/28 v3.5.2 Customized lists
\enitkv@toks@=\toks31
\labelindent=\skip72
\enit@outerparindent=\dimen189
\enit@toks=\toks32
\enit@inbox=\box44
\enitdp@description=\count137
)
("C:\Program Files\CTEX\MiKTeX\tex\latex\psnfss\palatino.sty"
Package: palatino 2005/04/12 PSNFSS-v9.2a (SPQR) 
)
("C:\Program Files\CTEX\MiKTeX\tex\latex\caption\caption.sty"
Package: caption 2011/11/10 v3.2e Customizing captions (AR)

("C:\Program Files\CTEX\MiKTeX\tex\latex\caption\caption3.sty"
Package: caption3 2011/11/01 v1.4a caption3 kernel (AR)
\captionmargin=\dimen190
\captionmargin@=\dimen191
\captionwidth=\dimen192
\caption@indent=\dimen193
\caption@parindent=\dimen194
\caption@hangindent=\dimen195
)
\c@ContinuedFloat=\count138
)
("C:\Program Files\CTEX\MiKTeX\tex\latex\tools\multicol.sty"
Package: multicol 2011/06/27 v1.7a multicolumn formatting (FMi)
\c@tracingmulticols=\count139
\mult@box=\box45
\multicol@leftmargin=\dimen196
\c@unbalance=\count140
\c@collectmore=\count141
\doublecol@number=\count142
\multicoltolerance=\count143
\multicolpretolerance=\count144
\full@width=\dimen197
\page@free=\dimen198
\premulticols=\dimen199
\postmulticols=\dimen200
\multicolsep=\skip73
\multicolbaselineskip=\skip74
\partial@page=\box46
\last@line=\box47
\mult@rightbox=\box48
\mult@grightbox=\box49
\mult@gfirstbox=\box50
\mult@firstbox=\box51
\@tempa=\box52
\@tempa=\box53
\@tempa=\box54
\@tempa=\box55
\@tempa=\box56
\@tempa=\box57
\@tempa=\box58
\@tempa=\box59
\@tempa=\box60
\@tempa=\box61
\@tempa=\box62
\@tempa=\box63
\@tempa=\box64
\@tempa=\box65
\@tempa=\box66
\@tempa=\box67
\@tempa=\box68
\c@columnbadness=\count145
\c@finalcolumnbadness=\count146
\last@try=\dimen201
\multicolovershoot=\dimen202
\multicolundershoot=\dimen203
\mult@nat@firstbox=\box69
\colbreak@box=\box70
\multicol@sort@counter=\count147
)
("C:\Program Files\CTEX\MiKTeX\tex\generic\pgf\frontendlayer\tikz\libraries\tik
zlibraryshapes.code.tex"
File: tikzlibraryshapes.code.tex 2008/01/09 v2.10 (rcs-revision 1.1)

("C:\Program Files\CTEX\MiKTeX\tex\generic\pgf\frontendlayer\tikz\libraries\tik
zlibraryshapes.geometric.code.tex"
File: tikzlibraryshapes.geometric.code.tex 2008/01/09 v2.10 (rcs-revision 1.1)

("C:\Program Files\CTEX\MiKTeX\tex\generic\pgf\libraries\shapes\pgflibraryshape
s.geometric.code.tex"
File: pgflibraryshapes.geometric.code.tex 2008/06/26 v2.10 (rcs-revision 1.1)
))
("C:\Program Files\CTEX\MiKTeX\tex\generic\pgf\frontendlayer\tikz\libraries\tik
zlibraryshapes.misc.code.tex"
File: tikzlibraryshapes.misc.code.tex 2008/01/09 v2.10 (rcs-revision 1.1)

("C:\Program Files\CTEX\MiKTeX\tex\generic\pgf\libraries\shapes\pgflibraryshape
s.misc.code.tex"
File: pgflibraryshapes.misc.code.tex 2008/10/07 v2.10 (rcs-revision 1.3)
))
("C:\Program Files\CTEX\MiKTeX\tex\generic\pgf\frontendlayer\tikz\libraries\tik
zlibraryshapes.symbols.code.tex"
File: tikzlibraryshapes.symbols.code.tex 2008/01/09 v2.10 (rcs-revision 1.1)

("C:\Program Files\CTEX\MiKTeX\tex\generic\pgf\libraries\shapes\pgflibraryshape
s.symbols.code.tex"
File: pgflibraryshapes.symbols.code.tex 2009/10/27 v2.10 (rcs-revision 1.3)
))
("C:\Program Files\CTEX\MiKTeX\tex\generic\pgf\frontendlayer\tikz\libraries\tik
zlibraryshapes.arrows.code.tex"
File: tikzlibraryshapes.arrows.code.tex 2008/01/09 v2.10 (rcs-revision 1.1)

("C:\Program Files\CTEX\MiKTeX\tex\generic\pgf\libraries\shapes\pgflibraryshape
s.arrows.code.tex"
File: pgflibraryshapes.arrows.code.tex 2008/06/26 v2.10 (rcs-revision 1.1)
))
("C:\Program Files\CTEX\MiKTeX\tex\generic\pgf\frontendlayer\tikz\libraries\tik
zlibraryshapes.callouts.code.tex"
("C:\Program Files\CTEX\MiKTeX\tex\generic\pgf\libraries\shapes\pgflibraryshape
s.callouts.code.tex"))
("C:\Program Files\CTEX\MiKTeX\tex\generic\pgf\frontendlayer\tikz\libraries\tik
zlibraryshapes.multipart.code.tex"
File: tikzlibraryshapes.multipart.code.tex 2008/01/09 v2.10 (rcs-revision 1.1)

("C:\Program Files\CTEX\MiKTeX\tex\generic\pgf\libraries\shapes\pgflibraryshape
s.multipart.code.tex"
File: pgflibraryshapes.multipart.code.tex 2010/01/07 v2.10 (rcs-revision 1.2)
\pgfnodepartlowerbox=\box71
\pgfnodeparttwobox=\box72
\pgfnodepartthreebox=\box73
\pgfnodepartfourbox=\box74
\pgfnodeparttwentybox=\box75
\pgfnodepartnineteenbox=\box76
\pgfnodeparteighteenbox=\box77
\pgfnodepartseventeenbox=\box78
\pgfnodepartsixteenbox=\box79
\pgfnodepartfifteenbox=\box80
\pgfnodepartfourteenbox=\box81
\pgfnodepartthirteenbox=\box82
\pgfnodeparttwelvebox=\box83
\pgfnodepartelevenbox=\box84
\pgfnodeparttenbox=\box85
\pgfnodepartninebox=\box86
\pgfnodeparteightbox=\box87
\pgfnodepartsevenbox=\box88
\pgfnodepartsixbox=\box89
\pgfnodepartfivebox=\box90
)))
("C:\Program Files\CTEX\MiKTeX\tex\generic\pgf\frontendlayer\tikz\libraries\tik
zlibraryarrows.code.tex"
File: tikzlibraryarrows.code.tex 2008/01/09 v2.10 (rcs-revision 1.1)

("C:\Program Files\CTEX\MiKTeX\tex\generic\pgf\libraries\pgflibraryarrows.code.
tex"
File: pgflibraryarrows.code.tex 2008/10/27 v2.10 (rcs-revision 1.9)
\arrowsize=\dimen204
))
("C:\Users\Mengke\Dropbox\Duke COMPSCI 571 - Probabilistic Machine Learning\Pro
ject\deepNetwork\presentation\project_poster.aux")
LaTeX Font Info:    Checking defaults for OML/cmm/m/it on input line 49.
LaTeX Font Info:    ... okay on input line 49.
LaTeX Font Info:    Checking defaults for T1/cmr/m/n on input line 49.
LaTeX Font Info:    ... okay on input line 49.
LaTeX Font Info:    Checking defaults for OT1/cmr/m/n on input line 49.
LaTeX Font Info:    ... okay on input line 49.
LaTeX Font Info:    Checking defaults for OMS/cmsy/m/n on input line 49.
LaTeX Font Info:    ... okay on input line 49.
LaTeX Font Info:    Checking defaults for OMX/cmex/m/n on input line 49.
LaTeX Font Info:    ... okay on input line 49.
LaTeX Font Info:    Checking defaults for U/cmr/m/n on input line 49.
LaTeX Font Info:    ... okay on input line 49.
LaTeX Font Info:    Try loading font information for T1+ppl on input line 49.

("C:\Program Files\CTEX\MiKTeX\tex\latex\psnfss\t1ppl.fd"
File: t1ppl.fd 2001/06/04 font definitions for T1/ppl.
)
("C:\Program Files\CTEX\MiKTeX\tex\context\base\supp-pdf.mkii"
[Loading MPS to PDF converter (version 2006.09.02).]
\scratchcounter=\count148
\scratchdimen=\dimen205
\scratchbox=\box91
\nofMPsegments=\count149
\nofMParguments=\count150
\everyMPshowfont=\toks33
\MPscratchCnt=\count151
\MPscratchDim=\dimen206
\MPnumerator=\count152
\makeMPintoPDFobject=\count153
\everyMPtoPDFconversion=\toks34
) ABD: EveryShipout initializing macros
*geometry* driver: auto-detecting
*geometry* detected driver: pdftex
*geometry* verbose mode - [ preamble ] result:
* driver: pdftex
* paper: custom
* layout: <same size as paper>
* layoutoffset:(h,v)=(0.0pt,0.0pt)
* modes: landscape 
* h-part:(L,W,R)=(12.1637pt, 939.8493pt, 12.1637pt)
* v-part:(T,H,B)=(12.1637pt, 657.65125pt, 12.1637pt)
* \paperwidth=964.1767pt
* \paperheight=681.97864pt
* \textwidth=939.8493pt
* \textheight=657.65125pt
* \oddsidemargin=-60.1063pt
* \evensidemargin=-60.1063pt
* \topmargin=-97.1063pt
* \headheight=12.0pt
* \headsep=25.0pt
* \topskip=10.0pt
* \footskip=30.0pt
* \marginparwidth=65.0pt
* \marginparsep=11.0pt
* \columnsep=14.99634pt
* \skip\footins=9.0pt plus 4.0pt minus 2.0pt
* \hoffset=0.0pt
* \voffset=0.0pt
* \mag=1000
* \@twocolumnfalse
* \@twosidefalse
* \@mparswitchfalse
* \@reversemarginfalse
* (1in=72.27pt=25.4mm, 1cm=28.453pt)

Package caption Info: Begin \AtBeginDocument code.
Package caption Info: End \AtBeginDocument code.
<logo.png, id=21, 250.9375pt x 250.9375pt>
File: logo.png Graphic file (type png)
 <use logo.png>
Package pdftex.def Info: logo.png used on input line 77.
(pdftex.def)             Requested size: 39.99765pt x 40.0pt.
File: logo.png Graphic file (type png)
 <use logo.png>
Package pdftex.def Info: logo.png used on input line 77.
(pdftex.def)             Requested size: 39.99765pt x 40.0pt.
LaTeX Font Info:    Font shape `T1/ppl/bx/n' in size <10> not available
(Font)              Font shape `T1/ppl/b/n' tried instead on input line 77.
LaTeX Font Info:    Font shape `T1/ppl/bx/n' in size <24.88> not available
(Font)              Font shape `T1/ppl/b/n' tried instead on input line 77.
LaTeX Font Info:    Font shape `T1/ppl/bx/sc' in size <24.88> not available
(Font)              Font shape `T1/ppl/b/sc' tried instead on input line 77.
LaTeX Font Info:    Try loading font information for U+msa on input line 77.

("C:\Program Files\CTEX\MiKTeX\tex\latex\amsfonts\umsa.fd"
File: umsa.fd 2009/06/22 v3.00 AMS symbols A
)
LaTeX Font Info:    Try loading font information for U+msb on input line 77.

("C:\Program Files\CTEX\MiKTeX\tex\latex\amsfonts\umsb.fd"
File: umsb.fd 2009/06/22 v3.00 AMS symbols B
)
LaTeX Font Info:    Try loading font information for OMS+ppl on input line 95.

("C:\Program Files\CTEX\MiKTeX\tex\latex\psnfss\omsppl.fd"
File: omsppl.fd 
)
LaTeX Font Info:    Font shape `OMS/ppl/m/n' in size <10> not available
(Font)              Font shape `OMS/cmsy/m/n' tried instead on input line 95.
Missing character: There is no ; in font nullfont!
Missing character: There is no ; in font nullfont!
LaTeX Font Info:    Font shape `T1/ppl/bx/n' in size <14.4> not available
(Font)              Font shape `T1/ppl/b/n' tried instead on input line 95.
LaTeX Font Info:    Font shape `T1/ppl/bx/sc' in size <14.4> not available
(Font)              Font shape `T1/ppl/b/sc' tried instead on input line 95.
Missing character: There is no ; in font nullfont!

<DNN.png, id=24, 549.05125pt x 504.88625pt>
File: DNN.png Graphic file (type png)
 <use DNN.png>
Package pdftex.def Info: DNN.png used on input line 109.
(pdftex.def)             Requested size: 130.47871pt x 119.98105pt.
LaTeX Font Info:    Font shape `T1/ppl/bx/n' in size <9> not available
(Font)              Font shape `T1/ppl/b/n' tried instead on input line 109.
Missing character: There is no ; in font nullfont!
Missing character: There is no ; in font nullfont!
Missing character: There is no ; in font nullfont!

Underfull \hbox (badness 10000) in paragraph at lines 144--144

 []


Underfull \hbox (badness 10000) in paragraph at lines 144--144

 []

<CDLP.png, id=25, 496.85625pt x 323.2075pt>
File: CDLP.png Graphic file (type png)
 <use CDLP.png>
Package pdftex.def Info: CDLP.png used on input line 144.
(pdftex.def)             Requested size: 175.97198pt x 114.47067pt.
Missing character: There is no ; in font nullfont!
Missing character: There is no ; in font nullfont!
Missing character: There is no ; in font nullfont!
Missing character: There is no ; in font nullfont!
Missing character: There is no ; in font nullfont!
Missing character: There is no ; in font nullfont!
Missing character: There is no ; in font nullfont!
Missing character: There is no ; in font nullfont!
Missing character: There is no ; in font nullfont!
Missing character: There is no ; in font nullfont!
Missing character: There is no ; in font nullfont!
Missing character: There is no ; in font nullfont!

("C:\Users\Mengke\Dropbox\Duke COMPSCI 571 - Probabilistic Machine Learning\Pro
ject\deepNetwork\presentation\project_poster.bbl")
Missing character: There is no ; in font nullfont!
Missing character: There is no ; in font nullfont!
Missing character: There is no ; in font nullfont!
Missing character: There is no ; in font nullfont!
Missing character: There is no ; in font nullfont!
Missing character: There is no ; in font nullfont!
Missing character: There is no ; in font nullfont!
Missing character: There is no ; in font nullfont!
Missing character: There is no ; in font nullfont!
 [2

{C:/Program Files/CTEX/UserData/pdftex/config/pdftex.map{Unicode.sfd}{UGBK.sfd}
} <C:/Users/Mengke/Dropbox/Duke COMPSCI 571 - Probabilistic Machine Learning/Pr
oject/deepNetwork/presentation/logo.png> <C:/Users/Mengke/Dropbox/Duke COMPSCI 
571 - Probabilistic Machine Learning/Project/deepNetwork/presentation/DNN.png> 
<C:/Users/Mengke/Dropbox/Duke COMPSCI 571 - Probabilistic Machine Learning/Proj
ect/deepNetwork/presentation/CDLP.png>]
("C:\Users\Mengke\Dropbox\Duke COMPSCI 571 - Probabilistic Machine Learning\Pro
ject\deepNetwork\presentation\project_poster.aux") ) 
Here is how much of TeX's memory you used:
 16730 strings out of 495354
 343890 string characters out of 3183075
 452483 words of memory out of 3000000
 19545 multiletter control sequences out of 15000+200000
 25506 words of font info for 46 fonts, out of 3000000 for 9000
 14 hyphenation exceptions out of 8191
 63i,10n,92p,613b,950s stack positions out of 5000i,500n,10000p,200000b,50000s
{C:/Program Files/CTEX/MiKT
eX/fonts/enc/dvips/fontname/8r.enc}<C:/Program Files/CTEX/MiKTeX/fonts/type1/pu
blic/amsfonts/cm/cmmi10.pfb><C:/Program Files/CTEX/MiKTeX/fonts/type1/public/am
sfonts/cm/cmmi7.pfb><C:/Program Files/CTEX/MiKTeX/fonts/type1/public/amsfonts/c
m/cmr10.pfb><C:/Program Files/CTEX/MiKTeX/fonts/type1/public/amsfonts/cm/cmr7.p
fb><C:/Program Files/CTEX/MiKTeX/fonts/type1/public/amsfonts/cm/cmsy10.pfb><C:/
Program Files/CTEX/MiKTeX/fonts/type1/urw/palatino/uplb8a.pfb><C:/Program Files
/CTEX/MiKTeX/fonts/type1/urw/palatino/uplr8a.pfb><C:/Program Files/CTEX/MiKTeX/
fonts/type1/urw/palatino/uplri8a.pfb>
Output written on project_poster.pdf (1 page, 174519 bytes).
PDF statistics:
 69 PDF objects out of 1000 (max. 8388607)
 0 named destinations out of 1000 (max. 500000)
 136 words of extra memory for PDF output out of 10000 (max. 10000000)

